Diagnose log at 2026-01-17T08:10:03Z

AppPath: C:\Program Files\Git\mingw64\bin\git-credential-manager.exe
InstallDir: C:\Program Files\Git\mingw64\bin\
Version: 2.6.1+786ab03440ddc82e807a97c0e540f5247e44cec6

------------
Diagnostic: Environment
Skipped: False
Success: True
Exception: None
Log:
OSType: Windows
OSVersion: 10.0 (build 26200)
Reading environment variables... OK
 Variables:
HOMEPATH=\Users\mufee
DriverData=C:\Windows\System32\Drivers\DriverData
COMPUTERNAME=MUFEED
GIT_TRACE2_PARENT_SID=29ae6799-2bec-4e40-9e4e-5f264b61b2c2
EFC_10100_1262719628=1
OneDrive=C:\Users\mufee\OneDrive
ChocolateyLastPathUpdate=133610998563396002
SESSIONNAME=Console
TMP=C:\Users\mufee\AppData\Local\Temp
PROCESSOR_REVISION=8c01
USERDOMAIN_ROAMINGPROFILE=MUFEED
PATHEXT=.COM;.EXE;.BAT;.CMD;.VBS;.VBE;.JS;.JSE;.WSF;.WSH;.MSC;.PY;.PYW;.CPL
GIT_ASKPASS=c:\Users\mufee\AppData\Local\Programs\Antigravity\resources\app\extensions\git\dist\askpass.sh
GIT_EXEC_PATH=C:/Program Files/Git/mingw64/libexec/git-core
TEMP=C:\Users\mufee\AppData\Local\Temp
LOCALAPPDATA=C:\Users\mufee\AppData\Local
MSYSTEM=MINGW64
TERM=xterm-256color
VSCODE_PYTHON_AUTOACTIVATE_GUARD=1
ProgramW6432=C:\Program Files
USERDOMAIN=MUFEED
Path=C:/Program Files/Git/mingw64/libexec/git-core;C:\Program Files\Git\mingw64\bin;C:\Program Files\Git\usr\bin;C:\Users\mufee\bin;C:\Python313\Scripts\;C:\Python313\;c:\Users\mufee\AppData\Local\Programs\cursor\resources\app\bin;C:\Program Files\Google\Chrome\Application;C:\Program Files (x86)\Common Files\Oracle\Java\javapath;C:\WINDOWS\system32;C:\WINDOWS;C:\WINDOWS\System32\Wbem;C:\WINDOWS\System32\WindowsPowerShell\v1.0\;C:\WINDOWS\System32\OpenSSH\;C:\ProgramData\chocolatey\bin;C:\Program Files (x86)\Microsoft SQL Server\160\Tools\Binn\;C:\Program Files\Microsoft SQL Server\160\Tools\Binn\;C:\Program Files\Microsoft SQL Server\Client SDK\ODBC\170\Tools\Binn\;C:\Program Files\Microsoft SQL Server\160\DTS\Binn\;C:\Users\mufee\AppData\Local\Microsoft\WindowsApps;C:\Users\mufee\AppData\Roaming\npm;c:\Users\mufee\AppData\Local\Programs\cursor\resources\app\bin;C:\Program Files\nodejs\;C:\Program Files\Git\cmd;C:\Users\mufee\AppData\Local\Microsoft\WindowsApps;C:\Users\mufee\AppData\Roaming\npm;C:\Users\mufee\AppData\Local\Programs\Microsoft VS Code\bin;C:\Users\mufee\AppData\Local\Programs\Antigravity\bin
TERM_PROGRAM=vscode
PROCESSOR_LEVEL=6
PROCESSOR_IDENTIFIER=Intel64 Family 6 Model 140 Stepping 1, GenuineIntel
TMPDIR=C:\Users\mufee\AppData\Local\Temp
VSCODE_GIT_ASKPASS_EXTRA_ARGS=
TERM_PROGRAM_VERSION=1.104.0
VSCODE_GIT_ASKPASS_MAIN=c:\Users\mufee\AppData\Local\Programs\Antigravity\resources\app\extensions\git\dist\askpass-main.js
ProgramFiles(x86)=C:\Program Files (x86)
EFC_10100_2283032206=1
NUMBER_OF_PROCESSORS=8
FPS_BROWSER_USER_PROFILE_STRING=Default
CommonProgramFiles=C:\Program Files (x86)\Common Files
VSCODE_INJECTION=1
VSCODE_GIT_IPC_HANDLE=\\.\pipe\vscode-git-82f66732d2-sock
CHROME_CRASHPAD_PIPE_NAME=\\.\pipe\crashpad_1996_WEBLNGFJBJCCHMRL
PAGER=cat
PLINK_PROTOCOL=ssh
ProgramData=C:\ProgramData
ProgramFiles=C:\Program Files (x86)
CommonProgramFiles(x86)=C:\Program Files (x86)\Common Files
ChocolateyInstall=C:\ProgramData\chocolatey
EFC_10100_2775293581=1
EFC_10100_1592913036=1
ANTIGRAVITY_CLI_ALIAS=agy
VSCODE_GIT_ASKPASS_NODE=C:\Users\mufee\AppData\Local\Programs\Antigravity\Antigravity.exe
SystemRoot=C:\WINDOWS
ORIGINAL_XDG_CURRENT_DESKTOP=undefined
PUBLIC=C:\Users\Public
HOME=C:\Users\mufee
ANTIGRAVITY_AGENT=1
CommonProgramW6432=C:\Program Files\Common Files
ZES_ENABLE_SYSMAN=1
LOGONSERVER=\\MUFEED
USERPROFILE=C:\Users\mufee
COLORTERM=truecolor
EFC_10100_3789132940=1
APPDATA=C:\Users\mufee\AppData\Roaming
HOMEDRIVE=C:
PSModulePath=C:\Users\mufee\Documents\WindowsPowerShell\Modules;C:\Program Files\WindowsPowerShell\Modules;C:\WINDOWS\system32\WindowsPowerShell\v1.0\Modules;C:\Program Files (x86)\Microsoft SQL Server\160\Tools\PowerShell\Modules\
USERNAME=mufee
PROCESSOR_ARCHITEW6432=AMD64
FPS_BROWSER_APP_PROFILE_STRING=Internet Explorer
PROCESSOR_ARCHITECTURE=x86
OS=Windows_NT
ComSpec=C:\WINDOWS\system32\cmd.exe
SystemDrive=C:
windir=C:\WINDOWS
LANG=en_US.UTF-8
ALLUSERSPROFILE=C:\ProgramData


------------
Diagnostic: File system
Skipped: False
Success: True
Exception: None
Log:
Temporary directory is 'C:\Users\mufee\AppData\Local\Temp\'...
Checking basic file I/O...
Writing to temporary file 'C:\Users\mufee\AppData\Local\Temp\93154bc08fec0c2609f6898c'... OK
Reading from temporary file 'C:\Users\mufee\AppData\Local\Temp\93154bc08fec0c2609f6898c'... OK
Deleting temporary file 'C:\Users\mufee\AppData\Local\Temp\93154bc08fec0c2609f6898c'... OK
Testing IFileSystem instance...
UserHomePath: C:\Users\mufee
UserDataDirectoryPath: C:\Users\mufee\.gcm
GetCurrentDirectory(): C:\Users\mufee\Desktop\floraza erp\TALLY CONNECT

------------
Diagnostic: Networking
Skipped: False
Success: True
Exception: None
Log:
Checking networking and HTTP stack...
Creating HTTP client... OK
IsNetworkAvailable: True
Sending HEAD request to http://example.com...Sending HEAD request to https://example.com... OK
 OK
Acquiring free TCP port... OK
Testing local HTTP loopback connections...
Creating new HTTP listener for http://localhost:6360/... OK
Waiting for loopback connection... OK
Writing response... OK
Waiting for response data... OK
Loopback connection data OK

------------
Diagnostic: Git
Skipped: False
Success: True
Exception: None
Log:
Getting Git version... OK
Git version is '2.50.1.windows.1'
Locating current repository...Git repository at 'C:/Users/mufee/Desktop/floraza erp/TALLY CONNECT/.git'
 OK
Listing all Git configuration... OK
Git configuration:
file:C:/Program Files/Git/etc/gitconfig	diff.astextplain.textconv=astextplain
file:C:/Program Files/Git/etc/gitconfig	filter.lfs.clean=git-lfs clean -- %f
file:C:/Program Files/Git/etc/gitconfig	filter.lfs.smudge=git-lfs smudge -- %f
file:C:/Program Files/Git/etc/gitconfig	filter.lfs.process=git-lfs filter-process
file:C:/Program Files/Git/etc/gitconfig	filter.lfs.required=true
file:C:/Program Files/Git/etc/gitconfig	http.sslbackend=schannel
file:C:/Program Files/Git/etc/gitconfig	core.autocrlf=true
file:C:/Program Files/Git/etc/gitconfig	core.fscache=true
file:C:/Program Files/Git/etc/gitconfig	core.symlinks=false
file:C:/Program Files/Git/etc/gitconfig	pull.rebase=false
file:C:/Program Files/Git/etc/gitconfig	credential.helper=manager
file:C:/Program Files/Git/etc/gitconfig	credential.https://dev.azure.com.usehttppath=true
file:C:/Program Files/Git/etc/gitconfig	init.defaultbranch=master
file:.git/config	core.repositoryformatversion=0
file:.git/config	core.filemode=false
file:.git/config	core.bare=false
file:.git/config	core.logallrefupdates=true
file:.git/config	core.symlinks=false
file:.git/config	core.ignorecase=true
file:.git/config	remote.upstream.url=https://github.com/laxmantandon/express_tally.git
file:.git/config	remote.upstream.fetch=+refs/heads/*:refs/remotes/upstream/*
file:.git/config	branch.master.remote=upstream
file:.git/config	branch.master.merge=refs/heads/master
file:.git/config	branch.master.vscode-merge-base=origin/master
file:.git/config	remote.origin.url=https://github.com/mufeedmam/tallyconnect.git
file:.git/config	remote.origin.fetch=+refs/heads/*:refs/remotes/origin/*
file:.git/config	user.email=bot@antigravity.ai
file:.git/config	user.name=Antigravity Bot


------------
Diagnostic: Credential storage
Skipped: False
Success: True
Exception: None
Log:
ICredentialStore instance is of type: CredentialStore
Writing test credential... OK
Reading test credential... OK
Deleting test credential... OK

------------
Diagnostic: Microsoft authentication (AAD/MSA)
Skipped: False
Success: True
Exception: None
Log:
Broker is not enabled.
Flow type is: Auto
Gathering MSAL token cache data... OK
CacheDirectory: C:\Users\mufee\AppData\Local\.IdentityService
CacheFileName: msal.cache
CacheFilePath: C:\Users\mufee\AppData\Local\.IdentityService\msal.cache
Creating cache helper... OK
Verifying MSAL token cache persistence... OK

------------
Diagnostic: GitHub API
Skipped: False
Success: True
Exception: None
Log:
Using 'https://github.com/' as API target.
Querying '/meta' endpoint... OK

